build/app/outputs/mapping/release/seeds.txt
bo.studio.bo.MainActivity
bo.studio.bo.MainActivity: MainActivity()
...
io.flutter.view.AccessibilityViewEmbedder
androidx.lifecycle.LiveData$LifecycleBoundObserver
androidx.window.layout.WindowInfoTrackerImpl$Companion
androidx.window.embedding.EmbeddingCompat
androidx.window.layout.WindowLayoutInfo
androidx.window.layout.DisplayCompatHelperApi17
androidx.window.R$attr: int clearTop
androidx.lifecycle.Lifecycle$Event: androidx.lifecycle.Lifecycle$Event ON_PAUSE
androidx.window.java.layout.WindowInfoTrackerCallbackAdapter: androidx.window.layout.WindowInfoTracker tracker
androidx.window.embedding.ExtensionEmbeddingBackend: androidx.window.embedding.ExtensionEmbeddingBackend$EmbeddingCallbackImpl splitInfoEmbeddingCallback
kotlinx.coroutines.scheduling.CoroutineScheduler: long controlState
kotlinx.coroutines.CommonPool: java.util.concurrent.Executor pool
androidx.window.embedding.ExtensionEmbeddingBackend$EmbeddingCallbackImpl: androidx.window.embedding.ExtensionEmbeddingBackend this$0
androidx.window.core.Version: androidx.window.core.Version UNKNOWN
androidx.window.embedding.SplitInfo: float splitRatio
androidx.window.R$styleable: int SplitPairRule_finishSecondaryWithPrimary
io.flutter.embedding.engine.mutatorsstack.FlutterMutatorsStack: java.util.List finalClippingPaths
io.flutter.embedding.engine.mutatorsstack.FlutterMutatorsStack: java.util.List mutators
io.flutter.plugin.platform.SingleViewPresentation: boolean startFocused
androidx.window.layout.WindowInfoTrackerImpl: androidx.window.layout.WindowMetricsCalculator windowMetricsCalculator
io.flutter.view.FlutterCallbackInformation: java.lang.String callbackName
androidx.lifecycle.Lifecycle$Event: androidx.lifecycle.Lifecycle$Event ON_ANY
androidx.lifecycle.Lifecycle$Event: androidx.lifecycle.Lifecycle$Event ON_RESUME
androidx.window.java.layout.WindowInfoTrackerCallbackAdapter$addListener$1$1: kotlinx.coroutines.flow.Flow $flow
io.flutter.embedding.engine.mutatorsstack.FlutterMutatorsStack: android.graphics.Matrix finalMatrix
androidx.window.R$id: int locale
androidx.window.embedding.ExtensionEmbeddingBackend$SplitListenerWrapper: androidx.core.util.Consumer callback
androidx.window.layout.SidecarCompat$DistinctElementCallback: java.util.concurrent.locks.ReentrantLock lock
androidx.window.core.Version: java.lang.String description
io.flutter.embedding.engine.FlutterJNI: io.flutter.plugin.platform.PlatformViewsController platformViewsController
io.flutter.embedding.engine.FlutterJNI: java.util.Set flutterUiDisplayListeners
androidx.window.java.layout.WindowInfoTrackerCallbackAdapter: java.util.concurrent.locks.ReentrantLock lock
io.flutter.embedding.engine.renderer.SurfaceTextureWrapper: boolean attached
androidx.window.embedding.EmbeddingCompat: androidx.window.embedding.EmbeddingCompat$Companion Companion
androidx.window.layout.FoldingFeature$Orientation: java.lang.String description
androidx.window.layout.WindowInfoTracker$Companion: androidx.window.layout.WindowInfoTracker$Companion $$INSTANCE
androidx.window.java.layout.WindowInfoTrackerCallbackAdapter$addListener$1$1$invokeSuspend$$inlined$collect$1: androidx.core.util.Consumer $consumer$inlined
androidx.window.embedding.ExtensionEmbeddingBackend: androidx.window.embedding.ExtensionEmbeddingBackend globalInstance
io.flutter.view.AccessibilityViewEmbedder: int nextFlutterId
androidx.window.embedding.ActivityRule: java.util.Set filters
androidx.window.layout.FoldingFeature$State: androidx.window.layout.FoldingFeature$State HALF_OPENED
androidx.window.layout.SidecarWindowBackend$WindowLayoutChangeCallbackWrapper: java.util.concurrent.Executor executor
androidx.window.embedding.SplitController: androidx.window.embedding.SplitController globalInstance
androidx.lifecycle.Lifecycle$Event: androidx.lifecycle.Lifecycle$Event ON_STOP
androidx.window.R$styleable: int SplitPairFilter_primaryActivityName
androidx.lifecycle.Lifecycle$Event: androidx.lifecycle.Lifecycle$Event ON_DESTROY
kotlinx.coroutines.CancellableContinuationImpl: int _decision
androidx.window.R$attr: int activityName