build/app/outputs/mapping/release/mapping.txt
# compiler: R8
# compiler_version: 3.3.70
# min_api: 19
# common_typos_disable
# {"id":"com.android.tools.r8.mapping","version":"2.0"}
# pg_map_id: 2dee3d4
# pg_map_hash: SHA-256 2dee3d4b1ebaf124ebc30db99d381f3b0b1a3fb51f7e0672ef1c7e2fc8a86ced
...
androidx.core.view.WindowInsetsCompat$Api21ReflectionHolder -> i.f$a:
    java.lang.reflect.Field sStableInsets -> b
    java.lang.reflect.Field sContentInsets -> c
    java.lang.reflect.Field sViewAttachInfoField -> a
    boolean sReflectionSucceeded -> d
    androidx.core.view.WindowInsetsCompat getRootWindowInsets(android.view.View) -> a
androidx.core.view.WindowInsetsCompat$Builder -> i.f$b:
    androidx.core.view.WindowInsetsCompat$BuilderImpl mImpl -> a
    androidx.core.view.WindowInsetsCompat build() -> a
    androidx.core.view.WindowInsetsCompat$Builder setStableInsets(androidx.core.graphics.Insets) -> b
    androidx.core.view.WindowInsetsCompat$Builder setSystemWindowInsets(androidx.core.graphics.Insets) -> c
androidx.core.view.WindowInsetsCompat$BuilderImpl -> i.f$f:
    androidx.core.graphics.Insets[] mInsetsTypeMask -> b
    androidx.core.view.WindowInsetsCompat mInsets -> a
    void applyInsetTypes() -> a
    androidx.core.view.WindowInsetsCompat build() -> b
    void setMandatorySystemGestureInsets(androidx.core.graphics.Insets) -> c
    void setStableInsets(androidx.core.graphics.Insets) -> d
    void setSystemGestureInsets(androidx.core.graphics.Insets) -> e
    void setSystemWindowInsets(androidx.core.graphics.Insets) -> f
    void setTappableElementInsets(androidx.core.graphics.Insets) -> g
androidx.core.view.WindowInsetsCompat$BuilderImpl20 -> i.f$c:
    java.lang.reflect.Constructor sConstructor -> g
    java.lang.reflect.Field sConsumedField -> e
    boolean sConsumedFieldFetched -> f
    android.view.WindowInsets mPlatformInsets -> c
    boolean sConstructorFetched -> h
    androidx.core.graphics.Insets mStableInsets -> d
    androidx.core.view.WindowInsetsCompat build() -> b
    void setStableInsets(androidx.core.graphics.Insets) -> d
    void setSystemWindowInsets(androidx.core.graphics.Insets) -> f
    android.view.WindowInsets createWindowInsetsInstance() -> h
androidx.core.view.WindowInsetsCompat$BuilderImpl29 -> i.f$d:
    android.view.WindowInsets$Builder mPlatBuilder -> c
    androidx.core.view.WindowInsetsCompat build() -> b
    void setMandatorySystemGestureInsets(androidx.core.graphics.Insets) -> c
    void setStableInsets(androidx.core.graphics.Insets) -> d
    void setSystemGestureInsets(androidx.core.graphics.Insets) -> e
    void setSystemWindowInsets(androidx.core.graphics.Insets) -> f
    void setTappableElementInsets(androidx.core.graphics.Insets) -> g
androidx.core.view.WindowInsetsCompat$BuilderImpl30 -> i.f$e:
androidx.core.view.WindowInsetsCompat$Impl -> i.f$l:
    androidx.core.view.WindowInsetsCompat CONSUMED -> b
    androidx.core.view.WindowInsetsCompat mHost -> a
    androidx.core.view.WindowInsetsCompat consumeDisplayCutout() -> a
    androidx.core.view.WindowInsetsCompat consumeStableInsets() -> b
    androidx.core.view.WindowInsetsCompat consumeSystemWindowInsets() -> c
    void copyRootViewBounds(android.view.View) -> d
    void copyWindowDataInto(androidx.core.view.WindowInsetsCompat) -> e
    androidx.core.view.DisplayCutoutCompat getDisplayCutout() -> f
    androidx.core.graphics.Insets getInsets(int) -> g
    androidx.core.graphics.Insets getMandatorySystemGestureInsets() -> h
    androidx.core.graphics.Insets getStableInsets() -> i
    androidx.core.graphics.Insets getSystemGestureInsets() -> j
    androidx.core.graphics.Insets getSystemWindowInsets() -> k
    androidx.core.graphics.Insets getTappableElementInsets() -> l
    boolean isConsumed() -> m
    boolean isRound() -> n
    boolean isVisible(int) -> o
    void setOverriddenInsets(androidx.core.graphics.Insets[]) -> p
    void setRootViewData(androidx.core.graphics.Insets) -> q
    void setRootWindowInsets(androidx.core.view.WindowInsetsCompat) -> r
    void setStableInsets(androidx.core.graphics.Insets) -> s