build/app/outputs/mapping/release/usage.txt
bo.studio.bo.BuildConfig
bo.studio.bo.R$attr
bo.studio.bo.R$color
bo.studio.bo.R$dimen
bo.studio.bo.R$drawable
bo.studio.bo.R$id
bo.studio.bo.R$integer
bo.studio.bo.R$layout
bo.studio.bo.R$mipmap
bo.studio.bo.R$string
bo.studio.bo.R$style
bo.studio.bo.R$styleable
bo.studio.bo.R
...
io.flutter.embedding.android.FlutterActivity:
    private static final java.lang.String TAG
    public static android.content.Intent createDefaultIntent(android.content.Context)
    public io.flutter.embedding.android.ExclusiveAppComponent getExclusiveAppComponent()
    void setDelegate(io.flutter.embedding.android.FlutterActivityAndFragmentDelegate)
    public void updateSystemUiOverlays()
    public static io.flutter.embedding.android.FlutterActivity$CachedEngineIntentBuilder withCachedEngine(java.lang.String)
    public static io.flutter.embedding.android.FlutterActivity$NewEngineIntentBuilder withNewEngine()
    public static io.flutter.embedding.android.FlutterActivity$NewEngineInGroupIntentBuilder withNewEngineInGroup(java.lang.String)
io.flutter.embedding.android.FlutterActivityAndFragmentDelegate$DelegateFactory
io.flutter.embedding.android.FlutterActivityAndFragmentDelegate$Host:
    public abstract io.flutter.embedding.android.ExclusiveAppComponent getExclusiveAppComponent()
    public abstract void updateSystemUiOverlays()
io.flutter.embedding.android.FlutterActivityAndFragmentDelegate:
    private static final int FLUTTER_SPLASH_VIEW_FALLBACK_ID
    private static final java.lang.String FRAMEWORK_RESTORATION_BUNDLE_KEY
    private static final java.lang.String PLUGINS_RESTORATION_BUNDLE_KEY
    private static final java.lang.String TAG
io.flutter.embedding.android.FlutterActivityLaunchConfigs
io.flutter.embedding.android.FlutterEngineConfigurator
io.flutter.embedding.android.FlutterEngineProvider
io.flutter.embedding.android.FlutterFragment$1
io.flutter.embedding.android.FlutterFragment$2
io.flutter.embedding.android.FlutterFragment$ActivityCallThrough
io.flutter.embedding.android.FlutterFragment$CachedEngineFragmentBuilder
io.flutter.embedding.android.FlutterFragment$NewEngineFragmentBuilder
io.flutter.embedding.android.FlutterFragment$NewEngineInGroupFragmentBuilder
io.flutter.embedding.android.FlutterFragment
io.flutter.embedding.android.FlutterFragmentActivity$CachedEngineIntentBuilder
io.flutter.embedding.android.FlutterFragmentActivity$NewEngineInGroupIntentBuilder
io.flutter.embedding.android.FlutterFragmentActivity$NewEngineIntentBuilder
io.flutter.embedding.android.FlutterFragmentActivity
io.flutter.embedding.android.FlutterImageView:
    private static final java.lang.String TAG
    public void <init>(android.content.Context)
    public void <init>(android.content.Context,android.util.AttributeSet)
io.flutter.embedding.android.FlutterPlayStoreSplitApplication
io.flutter.embedding.android.FlutterSplashView:
    public void <init>(android.content.Context,android.util.AttributeSet)
io.flutter.embedding.android.FlutterSurfaceView:
    private static final java.lang.String TAG
    public void <init>(android.content.Context)
    public void <init>(android.content.Context,android.util.AttributeSet)
io.flutter.embedding.android.FlutterTextureView:
    private static final java.lang.String TAG
io.flutter.embedding.android.FlutterView:
    private static final java.lang.String TAG
    public void <init>(android.content.Context)
    public void <init>(android.content.Context,android.util.AttributeSet)
    private void <init>(android.content.Context,android.util.AttributeSet,io.flutter.embedding.android.FlutterImageView)
    public void <init>(android.content.Context,io.flutter.embedding.android.FlutterImageView)
    public void <init>(android.content.Context,io.flutter.embedding.android.RenderMode)
    public void <init>(android.content.Context,io.flutter.embedding.android.RenderMode,io.flutter.embedding.android.TransparencyMode)
    public void <init>(android.content.Context,io.flutter.embedding.android.TransparencyMode)
    private android.view.View findViewByAccessibilityIdRootedAtCurrentView(int,android.view.View)
    public android.view.View findViewByAccessibilityIdTraversal(int)
io.flutter.embedding.android.KeyChannelResponder:
    private static final java.lang.String TAG